2026-05-21 21:31:35 - 🤖 Бот инициализирован. Имя: @YourBotName
2026-05-21 21:31:52 - 🤖 Бот инициализирован. Имя: @YourBotName
2026-05-21 21:32:24 - 🤖 Бот инициализирован. Имя: @YourBotName
2026-05-21 21:32:28 - 📩 Получено сообщение от @scalevviIain (Андрей): Привет
2026-05-21 21:32:28 - 🔧 Обработан текст: "Привет" → "П"
2026-05-21 21:32:29 - ✅ Ответ отправлен пользователю @scalevviIain
2026-05-21 21:32:29 - 📩 Получено сообщение от @scalevviIain (Андрей): Привет
2026-05-21 21:32:29 - 🔧 Обработан текст: "Привет" → "П"
2026-05-21 21:32:29 - ✅ Ответ отправлен пользователю @scalevviIain
2026-05-21 21:32:59 - 📩 Получено сообщение от @scalevviIain (Андрей): Объектно Ориентированное Программирование
2026-05-21 21:32:59 - 🔧 Обработан текст: "Объектно Ориентированное Программирование" → "ООП"
2026-05-21 21:32:59 - ✅ Ответ отправлен пользователю @scalevviIain
2026-05-21 21:33:05 - 📩 Получено сообщение от @scalevviIain (Андрей): /help
2026-05-21 21:33:05 - 📖 Отправлен /help пользователю @scalevviIain
2026-05-21 21:33:05 - ✅ Ответ отправлен пользователю @scalevviIain
2026-05-21 21:33:20 - 📩 Получено сообщение от @scalevviIain (Андрей): /start
2026-05-21 21:33:20 - 🟢 Отправлен /start пользователю @scalevviIain
2026-05-21 21:33:20 - ✅ Ответ отправлен пользователю @scalevviIain
2026-05-21 21:33:24 - 📩 Получено сообщение от @scalevviIain (Андрей): /stop
2026-05-21 21:33:24 - 🛑 Бот остановлен пользователем @scalevviIain
2026-05-21 21:33:24 - ✅ Ответ отправлен пользователю @scalevviIain
2026-05-21 21:33:32 - 🤖 Бот инициализирован. Имя: @YourBotName
2026-05-21 21:33:34 - 📩 Получено сообщение от @scalevviIain (Андрей): Привет
2026-05-21 21:33:34 - 🔧 Обработан текст: "Привет" → "П"
2026-05-21 21:33:35 - ✅ Ответ отправлен пользователю @scalevviIain
2026-05-21 21:33:37 - 📩 Получено сообщение от @scalevviIain (Андрей): /stop
2026-05-21 21:33:37 - 🛑 Бот остановлен пользователем @scalevviIain
2026-05-21 21:33:37 - ✅ Ответ отправлен пользователю @scalevviIain
2026-05-21 22:22:23 - 🤖 Бот инициализирован. Имя: @YourBotName
2026-05-28 19:16:39 - 🤖 Бот инициализирован. Имя: @YourBotName
2026-05-28 19:18:25 - 🤖 Бот инициализирован. Имя: @YourBotName
2026-05-28 19:20:03 - 🤖 Бот инициализирован. Имя: @YourBotName
2026-05-28 19:24:20 - 🤖 Бот инициализирован. Имя: @YourBotName
2026-05-28 19:25:30 - 🤖 Бот инициализирован. Имя: @YourBotName
2026-05-28 19:26:58 - 🤖 Бот инициализирован. Имя: @YourBotName
2026-05-28 19:27:02 - 📩 Получено сообщение от @scalevviIain (Андрей): /start
2026-05-28 19:27:02 - 🟢 Отправлен /start пользователю @scalevviIain
2026-05-28 19:27:08 - ✅ Ответ отправлен пользователю @scalevviIain
2026-05-28 19:27:08 - 📩 Получено сообщение от @scalevviIain (Андрей): /start
2026-05-28 19:27:08 - 🟢 Отправлен /start пользователю @scalevviIain
2026-05-28 19:27:08 - ✅ Ответ отправлен пользователю @scalevviIain
2026-05-28 19:27:08 - 📩 Получено сообщение от @scalevviIain (Андрей): /start
2026-05-28 19:27:08 - 🟢 Отправлен /start пользователю @scalevviIain
2026-05-28 19:27:08 - ✅ Ответ отправлен пользователю @scalevviIain
2026-05-28 19:27:08 - 📩 Получено сообщение от @scalevviIain (Андрей): /help
2026-05-28 19:27:08 - 📖 Отправлен /help пользователю @scalevviIain
2026-05-28 19:27:08 - ✅ Ответ отправлен пользователю @scalevviIain
2026-05-28 19:27:08 - 📩 Получено сообщение от @scalevviIain (Андрей): /stop
2026-05-28 19:27:08 - 🛑 Бот остановлен пользователем @scalevviIain
2026-05-28 19:27:09 - ✅ Ответ отправлен пользователю @scalevviIain
2026-05-28 19:27:40 - 🤖 Бот инициализирован. Имя: @YourBotName
2026-05-28 19:27:46 - 📩 Получено сообщение от @scalevviIain (Андрей): /start
2026-05-28 19:27:46 - 🟢 Отправлен /start пользователю @scalevviIain
2026-05-28 19:27:47 - ✅ Ответ отправлен пользователю @scalevviIain
2026-05-28 19:27:47 - 📩 Получено сообщение от @scalevviIain (Андрей): /help
2026-05-28 19:27:47 - 📖 Отправлен /help пользователю @scalevviIain
2026-05-28 19:27:47 - ✅ Ответ отправлен пользователю @scalevviIain
2026-05-28 19:27:47 - 📩 Получено сообщение от @scalevviIain (Андрей): /start
2026-05-28 19:27:47 - 🟢 Отправлен /start пользователю @scalevviIain
2026-05-28 19:27:47 - ✅ Ответ отправлен пользователю @scalevviIain
2026-05-28 19:27:51 - 📩 Получено сообщение от @scalevviIain (Андрей): /start
2026-05-28 19:27:51 - 🟢 Отправлен /start пользователю @scalevviIain
2026-05-28 19:27:51 - ✅ Ответ отправлен пользователю @scalevviIain
2026-05-28 19:27:54 - 📩 Получено сообщение от @scalevviIain (Андрей): /help
2026-05-28 19:27:54 - 📖 Отправлен /help пользователю @scalevviIain
2026-05-28 19:27:54 - ✅ Ответ отправлен пользователю @scalevviIain
2026-05-28 19:28:06 - 📩 Получено сообщение от @scalevviIain (Андрей): Java разработка программного обеспечения
2026-05-28 19:28:06 - 🔧 Обработан текст: "Java разработка программного обеспечения" → "JРПО"
2026-05-28 19:28:06 - ✅ Ответ отправлен пользователю @scalevviIain
2026-05-28 19:28:23 - 📩 Получено сообщение от @scalevviIain (Андрей): Объектно Ориентированное Программирование
2026-05-28 19:28:23 - 🔧 Обработан текст: "Объектно Ориентированное Программирование" → "ООП"
2026-05-28 19:28:23 - ✅ Ответ отправлен пользователю @scalevviIain
2026-05-28 19:28:30 - 📩 Получено сообщение от @scalevviIain (Андрей): /help
2026-05-28 19:28:30 - 📖 Отправлен /help пользователю @scalevviIain
2026-05-28 19:28:30 - ✅ Ответ отправлен пользователю @scalevviIain
2026-05-28 19:28:40 - 📩 Получено сообщение от @scalevviIain (Андрей): /stop
2026-05-28 19:28:40 - 🛑 Бот остановлен пользователем @scalevviIain
2026-05-28 19:28:40 - ✅ Ответ отправлен пользователю @scalevviIain
